Using pre-set license
Built from '2020.2/release' branch; Version is '2020.2.2f1 (068178b99f32) revision 426360'; Using compiler version '192528614'; Build Type 'Release'
OS: 'Windows 10 Home; OS build 19042.1110; Version 2009; 64bit' Language: 'en' Physical Memory: 32650 MB
BatchMode: 1, IsHumanControllingUs: 0, StartBugReporterOnCrash: 0, Is64bit: 1, IsPro: 0

 COMMAND LINE ARGUMENTS:
E:\Game Dev\Programs\unitydownloads\2020.2.2f1\Editor\Unity.exe
-adb2
-batchMode
-noUpm
-name
AssetImportWorker0
-projectPath
E:/Game Dev/Games/BludGetRemake/BLUDGETREMAKE/BludGetRemake
-logFile
Logs/AssetImportWorker0.log
-srvPort
50980
Successfully changed project path to: E:/Game Dev/Games/BludGetRemake/BLUDGETREMAKE/BludGetRemake
E:/Game Dev/Games/BludGetRemake/BLUDGETREMAKE/BludGetRemake
Using Asset Import Pipeline V2.
Refreshing native plugins compatible for Editor in 36.92 ms, found 0 plugins.
Preloading 0 native plugins for Editor in 0.00 ms.
Initialize engine version: 2020.2.2f1 (068178b99f32)
[Subsystems] Discovering subsystems at path E:/Game Dev/Programs/unitydownloads/2020.2.2f1/Editor/Data/Resources/UnitySubsystems
[Subsystems] Discovering subsystems at path E:/Game Dev/Games/BludGetRemake/BLUDGETREMAKE/BludGetRemake/Assets
GfxDevice: creating device client; threaded=0
Direct3D:
    Version:  Direct3D 11.0 [level 11.1]
    Renderer: NVIDIA GeForce GTX 970 (ID=0x13c2)
    Vendor:   
    VRAM:     4043 MB
    Driver:   27.21.14.5671
Initialize mono
Mono path[0] = 'E:/Game Dev/Programs/unitydownloads/2020.2.2f1/Editor/Data/Managed'
Mono path[1] = 'E:/Game Dev/Programs/unitydownloads/2020.2.2f1/Editor/Data/MonoBleedingEdge/lib/mono/unityjit'
Mono config path = 'E:/Game Dev/Programs/unitydownloads/2020.2.2f1/Editor/Data/MonoBleedingEdge/etc'
Using monoOptions --debugger-agent=transport=dt_socket,embedding=1,server=y,suspend=n,address=127.0.0.1:56068
Begin MonoManager ReloadAssembly
Registering precompiled unity dll's ...
Register platform support module: E:/Game Dev/Programs/unitydownloads/2020.2.2f1/Editor/Data/PlaybackEngines/WebGLSupport/UnityEditor.WebGL.Extensions.dll
Register platform support module: E:/Game Dev/Programs/unitydownloads/2020.2.2f1/Editor/Data/PlaybackEngines/WindowsStandaloneSupport/UnityEditor.WindowsStandalone.Extensions.dll
Registered in 0.001153 seconds.
Native extension for WindowsStandalone target not found
Native extension for WebGL target not found
Refreshing native plugins compatible for Editor in 35.03 ms, found 0 plugins.
Preloading 0 native plugins for Editor in 0.00 ms.
Invoked RoslynAnalysisRunner static constructor.
RoslynAnalysisRunner will not be running.
RoslynAnalysisRunner has terminated.
Mono: successfully reloaded assembly
- Completed reload, in  0.857 seconds
Platform modules already initialized, skipping
Registering precompiled user dll's ...
Registered in 0.002268 seconds.
Begin MonoManager ReloadAssembly
Native extension for WindowsStandalone target not found
Native extension for WebGL target not found
Refreshing native plugins compatible for Editor in 0.46 ms, found 0 plugins.
Preloading 0 native plugins for Editor in 0.00 ms.
Invoked RoslynAnalysisRunner static constructor.
RoslynAnalysisRunner will not be running.
RoslynAnalysisRunner has terminated.
Mono: successfully reloaded assembly
- Completed reload, in  0.786 seconds
Platform modules already initialized, skipping
========================================================================
Worker process is ready to serve import requests
Launched and connected shader compiler UnityShaderCompiler.exe after 0.04 seconds
Refreshing native plugins compatible for Editor in 0.45 ms, found 0 plugins.
Preloading 0 native plugins for Editor in 0.00 ms.
Unloading 1256 Unused Serialized files (Serialized files now loaded: 0)
System memory in use before: 113.9 MB.
System memory in use after: 113.9 MB.

Unloading 17 unused Assets to reduce memory usage. Loaded Objects now: 1731.
Total: 1.678900 ms (FindLiveObjects: 0.136000 ms CreateObjectMapping: 0.040500 ms MarkObjects: 1.396000 ms  DeleteObjects: 0.105600 ms)

========================================================================
Received Import Request.
  path: Assets/Scenes
  artifactKey: Guid(bde823aa3232bf84cbafda33b74f6ca4) Importer(815301076,1909f56bfc062723c751e8b465ee728b)
Start importing Assets/Scenes using Guid(bde823aa3232bf84cbafda33b74f6ca4) Importer(815301076,1909f56bfc062723c751e8b465ee728b)  -> (artifact id: '437b1eaff5d5f82f0222fa49de9e644d') in 0.007978 seconds
  Import took 0.009930 seconds .

========================================================================
Received Import Request.
  Time since last request: 6.862043 seconds.
  path: Assets/Scenes/PlayerTestScene.unity
  artifactKey: Guid(22c8f70fd54c22d418c3a6c4b0654322) Importer(815301076,1909f56bfc062723c751e8b465ee728b)
Start importing Assets/Scenes/PlayerTestScene.unity using Guid(22c8f70fd54c22d418c3a6c4b0654322) Importer(815301076,1909f56bfc062723c751e8b465ee728b)  -> (artifact id: '6dbb56b5484057f944e315e026cd52ed') in 0.012113 seconds
  Import took 0.014386 seconds .

========================================================================
Received Import Request.
  Time since last request: 44.129630 seconds.
  path: Assets/Scripts
  artifactKey: Guid(d6d25e4eec26c4f4ea218b29e3d70a56) Importer(815301076,1909f56bfc062723c751e8b465ee728b)
Start importing Assets/Scripts using Guid(d6d25e4eec26c4f4ea218b29e3d70a56) Importer(815301076,1909f56bfc062723c751e8b465ee728b)  -> (artifact id: '2e0febf8bf4da35935e1f69add5bd1fc') in 0.007149 seconds
  Import took 0.009642 seconds .

========================================================================
Received Import Request.
  Time since last request: 0.053021 seconds.
  path: Assets/Scripts
  artifactKey: Guid(d6d25e4eec26c4f4ea218b29e3d70a56) Importer(815301076,1909f56bfc062723c751e8b465ee728b)
Start importing Assets/Scripts using Guid(d6d25e4eec26c4f4ea218b29e3d70a56) Importer(815301076,1909f56bfc062723c751e8b465ee728b)  -> (artifact id: '2e0febf8bf4da35935e1f69add5bd1fc') in 0.002046 seconds
  Import took 0.004363 seconds .

========================================================================
Received Prepare
Registering precompiled user dll's ...
Registered in 0.003384 seconds.
Begin MonoManager ReloadAssembly
Native extension for WindowsStandalone target not found
Native extension for WebGL target not found
Refreshing native plugins compatible for Editor in 0.54 ms, found 0 plugins.
Preloading 0 native plugins for Editor in 0.00 ms.
Invoked RoslynAnalysisRunner static constructor.
RoslynAnalysisRunner will not be running.
RoslynAnalysisRunner has terminated.
Mono: successfully reloaded assembly
- Completed reload, in  0.762 seconds
Platform modules already initialized, skipping
Refreshing native plugins compatible for Editor in 0.52 ms, found 0 plugins.
Preloading 0 native plugins for Editor in 0.00 ms.
Unloading 1220 Unused Serialized files (Serialized files now loaded: 0)
System memory in use before: 111.3 MB.
System memory in use after: 111.3 MB.

Unloading 12 unused Assets to reduce memory usage. Loaded Objects now: 1740.
Total: 1.988500 ms (FindLiveObjects: 0.156900 ms CreateObjectMapping: 0.072500 ms MarkObjects: 1.665900 ms  DeleteObjects: 0.092000 ms)

========================================================================
Received Import Request.
  Time since last request: 147.519390 seconds.
  path: Assets/Knife/PRO Effects Sci fi FX
  artifactKey: Guid(83ac047d7a6b69c459d374fba383bba3) Importer(815301076,1909f56bfc062723c751e8b465ee728b)
Start importing Assets/Knife/PRO Effects Sci fi FX using Guid(83ac047d7a6b69c459d374fba383bba3) Importer(815301076,1909f56bfc062723c751e8b465ee728b)  -> (artifact id: '2127c916faa5dd983adb46654b644e54') in 0.009681 seconds
  Import took 0.012359 seconds .

========================================================================
Received Import Request.
  Time since last request: 0.000634 seconds.
  path: Assets/Knife/PRO Effects Sci fi FX
  artifactKey: Guid(83ac047d7a6b69c459d374fba383bba3) Importer(815301076,1909f56bfc062723c751e8b465ee728b)
Start importing Assets/Knife/PRO Effects Sci fi FX using Guid(83ac047d7a6b69c459d374fba383bba3) Importer(815301076,1909f56bfc062723c751e8b465ee728b)  -> (artifact id: '2127c916faa5dd983adb46654b644e54') in 0.001671 seconds
  Import took 0.003834 seconds .

========================================================================
Received Import Request.
  Time since last request: 3.046650 seconds.
  path: Assets/Knife/PRO Effects Sci fi FX/Scripts
  artifactKey: Guid(f56f47f323223d6409ebdb485847859e) Importer(815301076,1909f56bfc062723c751e8b465ee728b)
Start importing Assets/Knife/PRO Effects Sci fi FX/Scripts using Guid(f56f47f323223d6409ebdb485847859e) Importer(815301076,1909f56bfc062723c751e8b465ee728b)  -> (artifact id: 'f8800e880074ca44be6ceb890977ddce') in 0.001803 seconds
  Import took 0.004270 seconds .

========================================================================
Received Import Request.
  Time since last request: 1.706139 seconds.
  path: Assets/Knife/PRO Effects Sci fi FX/Sci fi decals
  artifactKey: Guid(c446751dc695c2942a8b7f877b0af2c2) Importer(815301076,1909f56bfc062723c751e8b465ee728b)
Start importing Assets/Knife/PRO Effects Sci fi FX/Sci fi decals using Guid(c446751dc695c2942a8b7f877b0af2c2) Importer(815301076,1909f56bfc062723c751e8b465ee728b)  -> (artifact id: '26339758c548db3d2907769c91b5e9db') in 0.007597 seconds
  Import took 0.010056 seconds .

========================================================================
Received Import Request.
  Time since last request: 0.842765 seconds.
  path: Assets/Knife/PRO Effects Sci fi FX/Prefabs
  artifactKey: Guid(58736d4378310a049b86e7419b3814b1) Importer(815301076,1909f56bfc062723c751e8b465ee728b)
Start importing Assets/Knife/PRO Effects Sci fi FX/Prefabs using Guid(58736d4378310a049b86e7419b3814b1) Importer(815301076,1909f56bfc062723c751e8b465ee728b)  -> (artifact id: 'ec81eae4918dfbde29d529fe133d1baa') in 0.007232 seconds
  Import took 0.009790 seconds .

========================================================================
Received Import Request.
  Time since last request: 0.000775 seconds.
  path: Assets/Knife/PRO Effects Sci fi FX/Prefabs
  artifactKey: Guid(58736d4378310a049b86e7419b3814b1) Importer(815301076,1909f56bfc062723c751e8b465ee728b)
Start importing Assets/Knife/PRO Effects Sci fi FX/Prefabs using Guid(58736d4378310a049b86e7419b3814b1) Importer(815301076,1909f56bfc062723c751e8b465ee728b)  -> (artifact id: 'ec81eae4918dfbde29d529fe133d1baa') in 0.001664 seconds
  Import took 0.004045 seconds .

========================================================================
Received Import Request.
  Time since last request: 2.454768 seconds.
  path: Assets/Knife/PRO Effects Sci fi FX/Prefabs/Electric Gun
  artifactKey: Guid(0fef6a0d82bde634db248c80625661a1) Importer(815301076,1909f56bfc062723c751e8b465ee728b)
Start importing Assets/Knife/PRO Effects Sci fi FX/Prefabs/Electric Gun using Guid(0fef6a0d82bde634db248c80625661a1) Importer(815301076,1909f56bfc062723c751e8b465ee728b)  -> (artifact id: '27fe58178d662ca982d8dde77b65dc8a') in 0.007124 seconds
  Import took 0.009823 seconds .

========================================================================
Received Import Request.
  Time since last request: 4.156041 seconds.
  path: Assets/Knife/PRO Effects Sci fi FX/Prefabs/Electric Gun/Electric Gun Impact.prefab
  artifactKey: Guid(3ddfc4f7a088f2b4a87f26c89b03ba7d) Importer(815301076,1909f56bfc062723c751e8b465ee728b)
Start importing Assets/Knife/PRO Effects Sci fi FX/Prefabs/Electric Gun/Electric Gun Impact.prefab using Guid(3ddfc4f7a088f2b4a87f26c89b03ba7d) Importer(815301076,1909f56bfc062723c751e8b465ee728b)  -> (artifact id: 'cc9045067be638b935d59867e5b39495') in 0.052071 seconds
  Import took 0.055480 seconds .

========================================================================
Received Import Request.
  Time since last request: 1.249962 seconds.
  path: Assets/Knife/PRO Effects Sci fi FX/Prefabs/Electric Gun/Electric Gun Muzzleflash.prefab
  artifactKey: Guid(831ba62ca11011641b82f8c229e3f241) Importer(815301076,1909f56bfc062723c751e8b465ee728b)
Start importing Assets/Knife/PRO Effects Sci fi FX/Prefabs/Electric Gun/Electric Gun Muzzleflash.prefab using Guid(831ba62ca11011641b82f8c229e3f241) Importer(815301076,1909f56bfc062723c751e8b465ee728b)  -> (artifact id: 'e4e409511d230a8a1401267c01ef68f3') in 0.008141 seconds
  Import took 0.010842 seconds .

========================================================================
Received Import Request.
  Time since last request: 0.008947 seconds.
  path: Assets/Knife/PRO Effects Sci fi FX/Prefabs/Electric Gun/Electric Gun Muzzleflash.prefab
  artifactKey: Guid(831ba62ca11011641b82f8c229e3f241) Importer(815301076,1909f56bfc062723c751e8b465ee728b)
Start importing Assets/Knife/PRO Effects Sci fi FX/Prefabs/Electric Gun/Electric Gun Muzzleflash.prefab using Guid(831ba62ca11011641b82f8c229e3f241) Importer(815301076,1909f56bfc062723c751e8b465ee728b)  -> (artifact id: 'e4e409511d230a8a1401267c01ef68f3') in 0.003595 seconds
  Import took 0.006437 seconds .

========================================================================
Received Import Request.
  Time since last request: 0.933646 seconds.
  path: Assets/Knife/PRO Effects Sci fi FX/Prefabs/Electric Gun/Electric Gun Projectile.prefab
  artifactKey: Guid(3a90c46c40d2df949b40be952059a87d) Importer(815301076,1909f56bfc062723c751e8b465ee728b)
Start importing Assets/Knife/PRO Effects Sci fi FX/Prefabs/Electric Gun/Electric Gun Projectile.prefab using Guid(3a90c46c40d2df949b40be952059a87d) Importer(815301076,1909f56bfc062723c751e8b465ee728b)  -> (artifact id: 'dcbfd32186e51af2d78d5c45c514da72') in 0.790289 seconds
  Import took 0.794198 seconds .

========================================================================
Received Import Request.
  Time since last request: 0.000187 seconds.
  path: Assets/Knife/PRO Effects Sci fi FX/Prefabs/Electric Gun/Electric Gun Shells.prefab
  artifactKey: Guid(2af83bc14d5b88842ab9b02c2910687c) Importer(815301076,1909f56bfc062723c751e8b465ee728b)
Start importing Assets/Knife/PRO Effects Sci fi FX/Prefabs/Electric Gun/Electric Gun Shells.prefab using Guid(2af83bc14d5b88842ab9b02c2910687c) Importer(815301076,1909f56bfc062723c751e8b465ee728b)  -> (artifact id: '57938501755a5ef870b8d44b4b9ed264') in 0.007996 seconds
  Import took 0.010873 seconds .

========================================================================
Received Import Request.
  Time since last request: 6.788730 seconds.
  path: Assets/Knife/PRO Effects Sci fi FX/Prefabs/Lightning Gun v2/Lightning Effect Constant.prefab
  artifactKey: Guid(754390060ca484b4f84adfaf1d45380d) Importer(815301076,1909f56bfc062723c751e8b465ee728b)
Start importing Assets/Knife/PRO Effects Sci fi FX/Prefabs/Lightning Gun v2/Lightning Effect Constant.prefab using Guid(754390060ca484b4f84adfaf1d45380d) Importer(815301076,1909f56bfc062723c751e8b465ee728b)  -> (artifact id: '17b39fd4470d503068c03fd14e612532') in 0.142077 seconds
  Import took 0.145298 seconds .

========================================================================
Received Import Request.
  Time since last request: 0.962538 seconds.
  path: Assets/Knife/PRO Effects Sci fi FX/Prefabs/Lightning Gun v2/Lightning Gun v2 Muzzleflash.prefab
  artifactKey: Guid(51ecd3884191223429891d9b8f991df6) Importer(815301076,1909f56bfc062723c751e8b465ee728b)
Start importing Assets/Knife/PRO Effects Sci fi FX/Prefabs/Lightning Gun v2/Lightning Gun v2 Muzzleflash.prefab using Guid(51ecd3884191223429891d9b8f991df6) Importer(815301076,1909f56bfc062723c751e8b465ee728b)  -> (artifact id: '977af44e16285b01c24001be15d535a6') in 0.010181 seconds
  Import took 0.013334 seconds .

========================================================================
Received Import Request.
  Time since last request: 0.565077 seconds.
  path: Assets/Knife/PRO Effects Sci fi FX/Prefabs/Lightning Gun v2/Lightning Low Impact.prefab
  artifactKey: Guid(32fafaa854a5cc743bd5877206bbfac0) Importer(815301076,1909f56bfc062723c751e8b465ee728b)
Start importing Assets/Knife/PRO Effects Sci fi FX/Prefabs/Lightning Gun v2/Lightning Low Impact.prefab using Guid(32fafaa854a5cc743bd5877206bbfac0) Importer(815301076,1909f56bfc062723c751e8b465ee728b)  -> (artifact id: 'a19e9c26c40170b7287d182ab82fccc8') in 0.009603 seconds
  Import took 0.012306 seconds .

========================================================================
Received Import Request.
  Time since last request: 8.181340 seconds.
  path: Assets/Knife/PRO Effects Sci fi FX/Models
  artifactKey: Guid(02f024afe51cd194787d20ceaedb9aa0) Importer(815301076,1909f56bfc062723c751e8b465ee728b)
Start importing Assets/Knife/PRO Effects Sci fi FX/Models using Guid(02f024afe51cd194787d20ceaedb9aa0) Importer(815301076,1909f56bfc062723c751e8b465ee728b)  -> (artifact id: '57877fb7b0bad93225889fe00b9bb57c') in 0.007101 seconds
  Import took 0.009460 seconds .

========================================================================
Received Import Request.
  Time since last request: 22.330059 seconds.
  path: Assets/Knife/PRO Effects Sci fi FX/Demo/Models
  artifactKey: Guid(873f735e22c83544b994d5e02bcc6404) Importer(815301076,1909f56bfc062723c751e8b465ee728b)
Start importing Assets/Knife/PRO Effects Sci fi FX/Demo/Models using Guid(873f735e22c83544b994d5e02bcc6404) Importer(815301076,1909f56bfc062723c751e8b465ee728b)  -> (artifact id: '0ce33b2d6a8a2f60ec696070b4b868aa') in 0.001978 seconds
  Import took 0.005058 seconds .

========================================================================
Received Import Request.
  Time since last request: 3.791192 seconds.
  path: Assets/Knife/PRO Effects Sci fi FX/Demo/Models/Lightning Gun.FBX
  artifactKey: Guid(94e098fa842b9cc419da09b8385117ea) Importer(815301076,1909f56bfc062723c751e8b465ee728b)
Start importing Assets/Knife/PRO Effects Sci fi FX/Demo/Models/Lightning Gun.FBX using Guid(94e098fa842b9cc419da09b8385117ea) Importer(815301076,1909f56bfc062723c751e8b465ee728b)  -> (artifact id: 'b13902dc6964312b7347506a3a1466e1') in 0.241380 seconds
  Import took 0.244233 seconds .

========================================================================
Received Import Request.
  Time since last request: 0.894549 seconds.
  path: Assets/Knife/PRO Effects Sci fi FX/Demo/Models/Lightning Gun v2.fbx
  artifactKey: Guid(e5ad23ff3fa12614aa952464df6acf38) Importer(815301076,1909f56bfc062723c751e8b465ee728b)
Start importing Assets/Knife/PRO Effects Sci fi FX/Demo/Models/Lightning Gun v2.fbx using Guid(e5ad23ff3fa12614aa952464df6acf38) Importer(815301076,1909f56bfc062723c751e8b465ee728b)  -> (artifact id: '4876cc5002453328a1ab5284b16dff2e') in 0.086185 seconds
  Import took 0.088960 seconds .

========================================================================
Received Import Request.
  Time since last request: 57.310706 seconds.
  path: ProjectSettings/TagManager.asset
  artifactKey: Guid(00000000000000003000000000000000) Importer(815301076,1909f56bfc062723c751e8b465ee728b)
Start importing ProjectSettings/TagManager.asset using Guid(00000000000000003000000000000000) Importer(815301076,1909f56bfc062723c751e8b465ee728b)  -> (artifact id: '1efec719c81060231ab49e0da4b313b9') in 0.008422 seconds
  Import took 0.010752 seconds .

========================================================================
Received Import Request.
  Time since last request: 82.269992 seconds.
  path: Assets/Knife/PRO Effects Sci fi FX/Demo/Prefabs/Player.prefab
  artifactKey: Guid(910c3b122652fe54293a8a7a068dbe6c) Importer(815301076,1909f56bfc062723c751e8b465ee728b)
Start importing Assets/Knife/PRO Effects Sci fi FX/Demo/Prefabs/Player.prefab using Guid(910c3b122652fe54293a8a7a068dbe6c) Importer(815301076,1909f56bfc062723c751e8b465ee728b)  -> (artifact id: 'b2de6813360772dfe35e8ef267c32537') in 0.353474 seconds
  Import took 0.385174 seconds .

========================================================================
Received Prepare
Registering precompiled user dll's ...
Registered in 0.002322 seconds.
Begin MonoManager ReloadAssembly
Native extension for WindowsStandalone target not found
Native extension for WebGL target not found
Refreshing native plugins compatible for Editor in 0.49 ms, found 0 plugins.
Preloading 0 native plugins for Editor in 0.00 ms.
Invoked RoslynAnalysisRunner static constructor.
RoslynAnalysisRunner will not be running.
RoslynAnalysisRunner has terminated.
Mono: successfully reloaded assembly
- Completed reload, in  0.835 seconds
Platform modules already initialized, skipping
Refreshing native plugins compatible for Editor in 0.57 ms, found 0 plugins.
Preloading 0 native plugins for Editor in 0.00 ms.
Unloading 1220 Unused Serialized files (Serialized files now loaded: 0)
System memory in use before: 129.1 MB.
System memory in use after: 129.1 MB.

Unloading 14 unused Assets to reduce memory usage. Loaded Objects now: 1758.
Total: 2.175700 ms (FindLiveObjects: 0.196200 ms CreateObjectMapping: 0.046300 ms MarkObjects: 1.822200 ms  DeleteObjects: 0.109700 ms)

========================================================================
Received Prepare
Registering precompiled user dll's ...
Registered in 0.002184 seconds.
Begin MonoManager ReloadAssembly
Native extension for WindowsStandalone target not found
Native extension for WebGL target not found
Refreshing native plugins compatible for Editor in 0.46 ms, found 0 plugins.
Preloading 0 native plugins for Editor in 0.00 ms.
Invoked RoslynAnalysisRunner static constructor.
RoslynAnalysisRunner will not be running.
RoslynAnalysisRunner has terminated.
Mono: successfully reloaded assembly
- Completed reload, in  0.804 seconds
Platform modules already initialized, skipping
Refreshing native plugins compatible for Editor in 0.45 ms, found 0 plugins.
Preloading 0 native plugins for Editor in 0.00 ms.
Unloading 1220 Unused Serialized files (Serialized files now loaded: 0)
System memory in use before: 129.0 MB.
System memory in use after: 129.1 MB.

Unloading 12 unused Assets to reduce memory usage. Loaded Objects now: 1760.
Total: 1.827800 ms (FindLiveObjects: 0.213200 ms CreateObjectMapping: 0.054600 ms MarkObjects: 1.443900 ms  DeleteObjects: 0.115100 ms)

========================================================================
Received Prepare
Registering precompiled user dll's ...
Registered in 0.002149 seconds.
Begin MonoManager ReloadAssembly
Native extension for WindowsStandalone target not found
Native extension for WebGL target not found
Refreshing native plugins compatible for Editor in 0.55 ms, found 0 plugins.
Preloading 0 native plugins for Editor in 0.00 ms.
Invoked RoslynAnalysisRunner static constructor.
RoslynAnalysisRunner will not be running.
RoslynAnalysisRunner has terminated.
Mono: successfully reloaded assembly
- Completed reload, in  0.761 seconds
Platform modules already initialized, skipping
Refreshing native plugins compatible for Editor in 0.45 ms, found 0 plugins.
Preloading 0 native plugins for Editor in 0.00 ms.
Unloading 1220 Unused Serialized files (Serialized files now loaded: 0)
System memory in use before: 129.1 MB.
System memory in use after: 129.1 MB.

Unloading 12 unused Assets to reduce memory usage. Loaded Objects now: 1762.
Total: 2.188600 ms (FindLiveObjects: 0.162300 ms CreateObjectMapping: 0.048800 ms MarkObjects: 1.818400 ms  DeleteObjects: 0.158200 ms)

========================================================================
Received Prepare
Registering precompiled user dll's ...
Registered in 0.002090 seconds.
Begin MonoManager ReloadAssembly
Native extension for WindowsStandalone target not found
Native extension for WebGL target not found
Refreshing native plugins compatible for Editor in 0.45 ms, found 0 plugins.
Preloading 0 native plugins for Editor in 0.00 ms.
Invoked RoslynAnalysisRunner static constructor.
RoslynAnalysisRunner will not be running.
RoslynAnalysisRunner has terminated.
Mono: successfully reloaded assembly
- Completed reload, in  0.749 seconds
Platform modules already initialized, skipping
Refreshing native plugins compatible for Editor in 0.44 ms, found 0 plugins.
Preloading 0 native plugins for Editor in 0.00 ms.
Unloading 1220 Unused Serialized files (Serialized files now loaded: 0)
System memory in use before: 129.1 MB.
System memory in use after: 129.1 MB.

Unloading 12 unused Assets to reduce memory usage. Loaded Objects now: 1764.
Total: 1.967300 ms (FindLiveObjects: 0.229000 ms CreateObjectMapping: 0.084300 ms MarkObjects: 1.559800 ms  DeleteObjects: 0.093300 ms)

========================================================================
Received Prepare
Registering precompiled user dll's ...
Registered in 0.002282 seconds.
Begin MonoManager ReloadAssembly
Native extension for WindowsStandalone target not found
Native extension for WebGL target not found
Refreshing native plugins compatible for Editor in 0.50 ms, found 0 plugins.
Preloading 0 native plugins for Editor in 0.00 ms.
Invoked RoslynAnalysisRunner static constructor.
RoslynAnalysisRunner will not be running.
RoslynAnalysisRunner has terminated.
Mono: successfully reloaded assembly
- Completed reload, in  0.749 seconds
Platform modules already initialized, skipping
Refreshing native plugins compatible for Editor in 0.44 ms, found 0 plugins.
Preloading 0 native plugins for Editor in 0.00 ms.
Unloading 1220 Unused Serialized files (Serialized files now loaded: 0)
System memory in use before: 129.1 MB.
System memory in use after: 129.1 MB.

Unloading 12 unused Assets to reduce memory usage. Loaded Objects now: 1766.
Total: 1.621900 ms (FindLiveObjects: 0.139600 ms CreateObjectMapping: 0.059100 ms MarkObjects: 1.336200 ms  DeleteObjects: 0.086000 ms)

========================================================================
Received Import Request.
  Time since last request: 372.388729 seconds.
  path: Assets/Knife/PRO Effects Sci fi FX/Prefabs/Lightning Gun v2
  artifactKey: Guid(38af26dfd7df75644bf864b2d08219e9) Importer(815301076,1909f56bfc062723c751e8b465ee728b)
Start importing Assets/Knife/PRO Effects Sci fi FX/Prefabs/Lightning Gun v2 using Guid(38af26dfd7df75644bf864b2d08219e9) Importer(815301076,1909f56bfc062723c751e8b465ee728b)  -> (artifact id: '14593900e20f0c6cd425b0f277b96eef') in 0.004411 seconds
  Import took 0.007308 seconds .

========================================================================
Received Prepare
Registering precompiled user dll's ...
Registered in 0.002165 seconds.
Begin MonoManager ReloadAssembly
Native extension for WindowsStandalone target not found
Native extension for WebGL target not found
Refreshing native plugins compatible for Editor in 0.48 ms, found 0 plugins.
Preloading 0 native plugins for Editor in 0.00 ms.
Invoked RoslynAnalysisRunner static constructor.
RoslynAnalysisRunner will not be running.
RoslynAnalysisRunner has terminated.
Mono: successfully reloaded assembly
- Completed reload, in  0.771 seconds
Platform modules already initialized, skipping
Refreshing native plugins compatible for Editor in 0.45 ms, found 0 plugins.
Preloading 0 native plugins for Editor in 0.00 ms.
Unloading 1220 Unused Serialized files (Serialized files now loaded: 0)
System memory in use before: 129.0 MB.
System memory in use after: 129.1 MB.

Unloading 12 unused Assets to reduce memory usage. Loaded Objects now: 1768.
Total: 1.898900 ms (FindLiveObjects: 0.202900 ms CreateObjectMapping: 0.052100 ms MarkObjects: 1.535800 ms  DeleteObjects: 0.107200 ms)

========================================================================
Received Prepare
Registering precompiled user dll's ...
Registered in 0.002321 seconds.
Begin MonoManager ReloadAssembly
Native extension for WindowsStandalone target not found
Native extension for WebGL target not found
Refreshing native plugins compatible for Editor in 0.45 ms, found 0 plugins.
Preloading 0 native plugins for Editor in 0.00 ms.
Invoked RoslynAnalysisRunner static constructor.
RoslynAnalysisRunner will not be running.
RoslynAnalysisRunner has terminated.
Mono: successfully reloaded assembly
- Completed reload, in  0.742 seconds
Platform modules already initialized, skipping
Refreshing native plugins compatible for Editor in 0.49 ms, found 0 plugins.
Preloading 0 native plugins for Editor in 0.00 ms.
Unloading 1220 Unused Serialized files (Serialized files now loaded: 0)
System memory in use before: 129.1 MB.
System memory in use after: 129.2 MB.

Unloading 12 unused Assets to reduce memory usage. Loaded Objects now: 1770.
Total: 2.243500 ms (FindLiveObjects: 0.206500 ms CreateObjectMapping: 0.128900 ms MarkObjects: 1.812200 ms  DeleteObjects: 0.094900 ms)

========================================================================
Received Prepare
Registering precompiled user dll's ...
Registered in 0.002239 seconds.
Begin MonoManager ReloadAssembly
Native extension for WindowsStandalone target not found
Native extension for WebGL target not found
Refreshing native plugins compatible for Editor in 0.53 ms, found 0 plugins.
Preloading 0 native plugins for Editor in 0.00 ms.
Invoked RoslynAnalysisRunner static constructor.
RoslynAnalysisRunner will not be running.
RoslynAnalysisRunner has terminated.
Mono: successfully reloaded assembly
- Completed reload, in  0.742 seconds
Platform modules already initialized, skipping
Refreshing native plugins compatible for Editor in 0.44 ms, found 0 plugins.
Preloading 0 native plugins for Editor in 0.00 ms.
Unloading 1220 Unused Serialized files (Serialized files now loaded: 0)
System memory in use before: 129.1 MB.
System memory in use after: 129.2 MB.

Unloading 12 unused Assets to reduce memory usage. Loaded Objects now: 1772.
Total: 1.849200 ms (FindLiveObjects: 0.149700 ms CreateObjectMapping: 0.037800 ms MarkObjects: 1.548800 ms  DeleteObjects: 0.112100 ms)

========================================================================
Received Prepare
Registering precompiled user dll's ...
Registered in 0.002510 seconds.
Begin MonoManager ReloadAssembly
Native extension for WindowsStandalone target not found
Native extension for WebGL target not found
Refreshing native plugins compatible for Editor in 0.44 ms, found 0 plugins.
Preloading 0 native plugins for Editor in 0.00 ms.
Invoked RoslynAnalysisRunner static constructor.
RoslynAnalysisRunner will not be running.
RoslynAnalysisRunner has terminated.
Mono: successfully reloaded assembly
- Completed reload, in  0.768 seconds
Platform modules already initialized, skipping
Refreshing native plugins compatible for Editor in 0.44 ms, found 0 plugins.
Preloading 0 native plugins for Editor in 0.00 ms.
Unloading 1220 Unused Serialized files (Serialized files now loaded: 0)
System memory in use before: 129.1 MB.
System memory in use after: 129.2 MB.

Unloading 12 unused Assets to reduce memory usage. Loaded Objects now: 1774.
Total: 2.074900 ms (FindLiveObjects: 0.208200 ms CreateObjectMapping: 0.064700 ms MarkObjects: 1.706600 ms  DeleteObjects: 0.094300 ms)

========================================================================
Received Prepare
Registering precompiled user dll's ...
Registered in 0.002414 seconds.
Begin MonoManager ReloadAssembly
Native extension for WindowsStandalone target not found
Native extension for WebGL target not found
Refreshing native plugins compatible for Editor in 0.48 ms, found 0 plugins.
Preloading 0 native plugins for Editor in 0.00 ms.
Invoked RoslynAnalysisRunner static constructor.
RoslynAnalysisRunner will not be running.
RoslynAnalysisRunner has terminated.
Mono: successfully reloaded assembly
- Completed reload, in  0.756 seconds
Platform modules already initialized, skipping
Refreshing native plugins compatible for Editor in 0.45 ms, found 0 plugins.
Preloading 0 native plugins for Editor in 0.00 ms.
Unloading 1220 Unused Serialized files (Serialized files now loaded: 0)
System memory in use before: 129.1 MB.
System memory in use after: 129.1 MB.

Unloading 12 unused Assets to reduce memory usage. Loaded Objects now: 1776.
Total: 2.293600 ms (FindLiveObjects: 0.202500 ms CreateObjectMapping: 0.087100 ms MarkObjects: 1.868300 ms  DeleteObjects: 0.134900 ms)

========================================================================
Received Prepare
Registering precompiled user dll's ...
Registered in 0.002139 seconds.
Begin MonoManager ReloadAssembly
Native extension for WindowsStandalone target not found
Native extension for WebGL target not found
Refreshing native plugins compatible for Editor in 0.46 ms, found 0 plugins.
Preloading 0 native plugins for Editor in 0.00 ms.
Invoked RoslynAnalysisRunner static constructor.
RoslynAnalysisRunner will not be running.
RoslynAnalysisRunner has terminated.
Mono: successfully reloaded assembly
- Completed reload, in  0.764 seconds
Platform modules already initialized, skipping
Refreshing native plugins compatible for Editor in 0.44 ms, found 0 plugins.
Preloading 0 native plugins for Editor in 0.00 ms.
Unloading 1220 Unused Serialized files (Serialized files now loaded: 0)
System memory in use before: 129.1 MB.
System memory in use after: 129.2 MB.

Unloading 12 unused Assets to reduce memory usage. Loaded Objects now: 1778.
Total: 2.333500 ms (FindLiveObjects: 0.223300 ms CreateObjectMapping: 0.086900 ms MarkObjects: 1.916200 ms  DeleteObjects: 0.106400 ms)

========================================================================
Received Prepare
Registering precompiled user dll's ...
Registered in 0.002203 seconds.
Begin MonoManager ReloadAssembly
Native extension for WindowsStandalone target not found
Native extension for WebGL target not found
Refreshing native plugins compatible for Editor in 0.47 ms, found 0 plugins.
Preloading 0 native plugins for Editor in 0.00 ms.
Invoked RoslynAnalysisRunner static constructor.
RoslynAnalysisRunner will not be running.
RoslynAnalysisRunner has terminated.
Mono: successfully reloaded assembly
- Completed reload, in  0.756 seconds
Platform modules already initialized, skipping
Refreshing native plugins compatible for Editor in 0.44 ms, found 0 plugins.
Preloading 0 native plugins for Editor in 0.00 ms.
Unloading 1220 Unused Serialized files (Serialized files now loaded: 0)
System memory in use before: 129.1 MB.
System memory in use after: 129.2 MB.

Unloading 12 unused Assets to reduce memory usage. Loaded Objects now: 1780.
Total: 2.078800 ms (FindLiveObjects: 0.138700 ms CreateObjectMapping: 0.038500 ms MarkObjects: 1.785600 ms  DeleteObjects: 0.115300 ms)

========================================================================
Received Prepare
Registering precompiled user dll's ...
Registered in 0.002131 seconds.
Begin MonoManager ReloadAssembly
Native extension for WindowsStandalone target not found
Native extension for WebGL target not found
Refreshing native plugins compatible for Editor in 0.44 ms, found 0 plugins.
Preloading 0 native plugins for Editor in 0.00 ms.
Invoked RoslynAnalysisRunner static constructor.
RoslynAnalysisRunner will not be running.
RoslynAnalysisRunner has terminated.
Mono: successfully reloaded assembly
- Completed reload, in  0.744 seconds
Platform modules already initialized, skipping
Refreshing native plugins compatible for Editor in 0.47 ms, found 0 plugins.
Preloading 0 native plugins for Editor in 0.00 ms.
Unloading 1220 Unused Serialized files (Serialized files now loaded: 0)
System memory in use before: 129.1 MB.
System memory in use after: 129.2 MB.

Unloading 12 unused Assets to reduce memory usage. Loaded Objects now: 1782.
Total: 2.585700 ms (FindLiveObjects: 0.301900 ms CreateObjectMapping: 0.155800 ms MarkObjects: 2.016200 ms  DeleteObjects: 0.111100 ms)

========================================================================
Received Prepare
Registering precompiled user dll's ...
Registered in 0.002662 seconds.
Begin MonoManager ReloadAssembly
Native extension for WindowsStandalone target not found
Native extension for WebGL target not found
Refreshing native plugins compatible for Editor in 0.54 ms, found 0 plugins.
Preloading 0 native plugins for Editor in 0.00 ms.
Invoked RoslynAnalysisRunner static constructor.
RoslynAnalysisRunner will not be running.
RoslynAnalysisRunner has terminated.
Mono: successfully reloaded assembly
- Completed reload, in  0.740 seconds
Platform modules already initialized, skipping
Refreshing native plugins compatible for Editor in 0.46 ms, found 0 plugins.
Preloading 0 native plugins for Editor in 0.00 ms.
Unloading 1220 Unused Serialized files (Serialized files now loaded: 0)
System memory in use before: 129.1 MB.
System memory in use after: 129.2 MB.

Unloading 12 unused Assets to reduce memory usage. Loaded Objects now: 1784.
Total: 2.354200 ms (FindLiveObjects: 0.207900 ms CreateObjectMapping: 0.092300 ms MarkObjects: 1.954100 ms  DeleteObjects: 0.099000 ms)

========================================================================
Received Prepare
Registering precompiled user dll's ...
Registered in 0.002172 seconds.
Begin MonoManager ReloadAssembly
Native extension for WindowsStandalone target not found
Native extension for WebGL target not found
Refreshing native plugins compatible for Editor in 0.46 ms, found 0 plugins.
Preloading 0 native plugins for Editor in 0.00 ms.
Invoked RoslynAnalysisRunner static constructor.
RoslynAnalysisRunner will not be running.
RoslynAnalysisRunner has terminated.
Mono: successfully reloaded assembly
- Completed reload, in  0.748 seconds
Platform modules already initialized, skipping
Refreshing native plugins compatible for Editor in 0.46 ms, found 0 plugins.
Preloading 0 native plugins for Editor in 0.00 ms.
Unloading 1220 Unused Serialized files (Serialized files now loaded: 0)
System memory in use before: 129.1 MB.
System memory in use after: 129.2 MB.

Unloading 12 unused Assets to reduce memory usage. Loaded Objects now: 1786.
Total: 2.063600 ms (FindLiveObjects: 0.166500 ms CreateObjectMapping: 0.039000 ms MarkObjects: 1.735500 ms  DeleteObjects: 0.121800 ms)

========================================================================
Received Prepare
Registering precompiled user dll's ...
Registered in 0.002163 seconds.
Begin MonoManager ReloadAssembly
Native extension for WindowsStandalone target not found
Native extension for WebGL target not found
Refreshing native plugins compatible for Editor in 0.49 ms, found 0 plugins.
Preloading 0 native plugins for Editor in 0.00 ms.
Invoked RoslynAnalysisRunner static constructor.
RoslynAnalysisRunner will not be running.
RoslynAnalysisRunner has terminated.
Mono: successfully reloaded assembly
- Completed reload, in  0.735 seconds
Platform modules already initialized, skipping
Refreshing native plugins compatible for Editor in 0.45 ms, found 0 plugins.
Preloading 0 native plugins for Editor in 0.00 ms.
Unloading 1220 Unused Serialized files (Serialized files now loaded: 0)
System memory in use before: 129.1 MB.
System memory in use after: 129.2 MB.

Unloading 12 unused Assets to reduce memory usage. Loaded Objects now: 1788.
Total: 2.090800 ms (FindLiveObjects: 0.181700 ms CreateObjectMapping: 0.082200 ms MarkObjects: 1.679300 ms  DeleteObjects: 0.136700 ms)

========================================================================
Received Prepare
Registering precompiled user dll's ...
Registered in 0.002357 seconds.
Begin MonoManager ReloadAssembly
Native extension for WindowsStandalone target not found
Native extension for WebGL target not found
Refreshing native plugins compatible for Editor in 0.51 ms, found 0 plugins.
Preloading 0 native plugins for Editor in 0.00 ms.
Invoked RoslynAnalysisRunner static constructor.
RoslynAnalysisRunner will not be running.
RoslynAnalysisRunner has terminated.
Mono: successfully reloaded assembly
- Completed reload, in  0.754 seconds
Platform modules already initialized, skipping
Refreshing native plugins compatible for Editor in 0.46 ms, found 0 plugins.
Preloading 0 native plugins for Editor in 0.00 ms.
Unloading 1220 Unused Serialized files (Serialized files now loaded: 0)
System memory in use before: 129.1 MB.
System memory in use after: 129.2 MB.

Unloading 12 unused Assets to reduce memory usage. Loaded Objects now: 1790.
Total: 2.195800 ms (FindLiveObjects: 0.181300 ms CreateObjectMapping: 0.072500 ms MarkObjects: 1.825000 ms  DeleteObjects: 0.116400 ms)

========================================================================
Received Prepare
Registering precompiled user dll's ...
Registered in 0.002121 seconds.
Begin MonoManager ReloadAssembly
Native extension for WindowsStandalone target not found
Native extension for WebGL target not found
Refreshing native plugins compatible for Editor in 0.45 ms, found 0 plugins.
Preloading 0 native plugins for Editor in 0.00 ms.
Invoked RoslynAnalysisRunner static constructor.
RoslynAnalysisRunner will not be running.
RoslynAnalysisRunner has terminated.
Mono: successfully reloaded assembly
- Completed reload, in  0.724 seconds
Platform modules already initialized, skipping
Refreshing native plugins compatible for Editor in 0.46 ms, found 0 plugins.
Preloading 0 native plugins for Editor in 0.00 ms.
Unloading 1220 Unused Serialized files (Serialized files now loaded: 0)
System memory in use before: 129.1 MB.
System memory in use after: 129.2 MB.

Unloading 12 unused Assets to reduce memory usage. Loaded Objects now: 1792.
Total: 2.361300 ms (FindLiveObjects: 0.177800 ms CreateObjectMapping: 0.086500 ms MarkObjects: 1.984200 ms  DeleteObjects: 0.111900 ms)

========================================================================
Received Prepare
Registering precompiled user dll's ...
Registered in 0.002374 seconds.
Begin MonoManager ReloadAssembly
Native extension for WindowsStandalone target not found
Native extension for WebGL target not found
Refreshing native plugins compatible for Editor in 0.51 ms, found 0 plugins.
Preloading 0 native plugins for Editor in 0.00 ms.
Invoked RoslynAnalysisRunner static constructor.
RoslynAnalysisRunner will not be running.
RoslynAnalysisRunner has terminated.
Mono: successfully reloaded assembly
- Completed reload, in  0.798 seconds
Platform modules already initialized, skipping
Refreshing native plugins compatible for Editor in 0.46 ms, found 0 plugins.
Preloading 0 native plugins for Editor in 0.00 ms.
Unloading 1220 Unused Serialized files (Serialized files now loaded: 0)
System memory in use before: 129.1 MB.
System memory in use after: 129.2 MB.

Unloading 12 unused Assets to reduce memory usage. Loaded Objects now: 1794.
Total: 1.923100 ms (FindLiveObjects: 0.158100 ms CreateObjectMapping: 0.039000 ms MarkObjects: 1.611000 ms  DeleteObjects: 0.114100 ms)

========================================================================
Received Import Request.
  Time since last request: 579.094640 seconds.
  path: Assets/Scenes/SampleScene.unity
  artifactKey: Guid(9fc0d4010bbf28b4594072e72b8655ab) Importer(815301076,1909f56bfc062723c751e8b465ee728b)
Start importing Assets/Scenes/SampleScene.unity using Guid(9fc0d4010bbf28b4594072e72b8655ab) Importer(815301076,1909f56bfc062723c751e8b465ee728b)  -> (artifact id: '160fd373dcd24e963b07a371214aa907') in 0.017975 seconds
  Import took 0.020891 seconds .

========================================================================
Received Import Request.
  Time since last request: 17.187293 seconds.
  path: Assets/MedievalTown ModularKit/Assets
  artifactKey: Guid(3f873d80d5c163c4db834d2d51e9fc5c) Importer(815301076,1909f56bfc062723c751e8b465ee728b)
Start importing Assets/MedievalTown ModularKit/Assets using Guid(3f873d80d5c163c4db834d2d51e9fc5c) Importer(815301076,1909f56bfc062723c751e8b465ee728b)  -> (artifact id: '8d33c39b63b7e8442bc7af8a6940da52') in 0.009199 seconds
  Import took 0.011510 seconds .

========================================================================
Received Import Request.
  Time since last request: 1.882548 seconds.
  path: Assets/MedievalTown ModularKit/Assets/Prefabs
  artifactKey: Guid(a98329f0bcd5b91439c1c6f934e8068e) Importer(815301076,1909f56bfc062723c751e8b465ee728b)
Start importing Assets/MedievalTown ModularKit/Assets/Prefabs using Guid(a98329f0bcd5b91439c1c6f934e8068e) Importer(815301076,1909f56bfc062723c751e8b465ee728b)  -> (artifact id: '5b730f555ae048437fc2ca90e2e73471') in 0.008236 seconds
  Import took 0.010748 seconds .

========================================================================
Received Import Request.
  Time since last request: 5.324004 seconds.
  path: Assets/ProCore/ProBuilder
  artifactKey: Guid(9401232bf7fa5bb40be0ff2366fd8c76) Importer(815301076,1909f56bfc062723c751e8b465ee728b)
Start importing Assets/ProCore/ProBuilder using Guid(9401232bf7fa5bb40be0ff2366fd8c76) Importer(815301076,1909f56bfc062723c751e8b465ee728b)  -> (artifact id: 'b0fc669d11dca14f0093b805eecec6ff') in 0.007679 seconds
  Import took 0.010473 seconds .

AssetImportWorkerClient::OnTransportError - code=2 error=End of file
