Using pre-set license
Built from '2021.1/staging' branch; Version is '2021.1.15f1 (e767a7370072) revision 15165351'; Using compiler version '192528614'; Build Type 'Release'
OS: 'Windows 10 Home; OS build 19043.1110; Version 2009; 64bit' Language: 'en' Physical Memory: 16304 MB
BatchMode: 1, IsHumanControllingUs: 0, StartBugReporterOnCrash: 0, Is64bit: 1, IsPro: 0

 COMMAND LINE ARGUMENTS:
C:\Program Files\Unity\Hub\Editor\2021.1.15f1\Editor\Unity.exe
-adb2
-batchMode
-noUpm
-name
AssetImportWorker0
-projectPath
C:/Users/Will/Documents/GitHub/BLUDGETSEQUEL/BludGetRemake
-logFile
Logs/AssetImportWorker0.log
-srvPort
63483
Successfully changed project path to: C:/Users/Will/Documents/GitHub/BLUDGETSEQUEL/BludGetRemake
C:/Users/Will/Documents/GitHub/BLUDGETSEQUEL/BludGetRemake
Using Asset Import Pipeline V2.
Refreshing native plugins compatible for Editor in 190.00 ms, found 2 plugins.
Preloading 0 native plugins for Editor in 0.00 ms.
Initialize engine version: 2021.1.15f1 (e767a7370072)
[Subsystems] Discovering subsystems at path C:/Program Files/Unity/Hub/Editor/2021.1.15f1/Editor/Data/Resources/UnitySubsystems
[Subsystems] Discovering subsystems at path C:/Users/Will/Documents/GitHub/BLUDGETSEQUEL/BludGetRemake/Assets
GfxDevice: creating device client; threaded=0; jobified=0
Direct3D:
    Version:  Direct3D 11.0 [level 11.1]
    Renderer: NVIDIA GeForce GTX 1080 (ID=0x1b80)
    Vendor:   NVIDIA
    VRAM:     8079 MB
    Driver:   30.0.14.7111
Initialize mono
Mono path[0] = 'C:/Program Files/Unity/Hub/Editor/2021.1.15f1/Editor/Data/Managed'
Mono path[1] = 'C:/Program Files/Unity/Hub/Editor/2021.1.15f1/Editor/Data/MonoBleedingEdge/lib/mono/unityjit'
Mono config path = 'C:/Program Files/Unity/Hub/Editor/2021.1.15f1/Editor/Data/MonoBleedingEdge/etc'
Using monoOptions --debugger-agent=transport=dt_socket,embedding=1,server=y,suspend=n,address=127.0.0.1:56260
Begin MonoManager ReloadAssembly
Registering precompiled unity dll's ...
Register platform support module: C:/Program Files/Unity/Hub/Editor/2021.1.15f1/Editor/Data/PlaybackEngines/WindowsStandaloneSupport/UnityEditor.WindowsStandalone.Extensions.dll
Registered in 0.005713 seconds.
Native extension for WindowsStandalone target not found
Refreshing native plugins compatible for Editor in 136.99 ms, found 2 plugins.
Preloading 0 native plugins for Editor in 0.00 ms.
Mono: successfully reloaded assembly
- Completed reload, in  4.495 seconds
Domain Reload Profiling:
	ReloadAssembly (4496ms)
		BeginReloadAssembly (515ms)
			ExecutionOrderSort (0ms)
			DisableScriptedObjects (0ms)
			BackupInstance (0ms)
			ReleaseScriptingObjects (0ms)
			CreateAndSetChildDomain (2ms)
		EndReloadAssembly (1337ms)
			LoadAssemblies (510ms)
			RebuildTransferFunctionScriptingTraits (0ms)
			SetupTypeCache (553ms)
			ReleaseScriptCaches (0ms)
			RebuildScriptCaches (93ms)
			SetupLoadedEditorAssemblies (520ms)
				LogAssemblyErrors (0ms)
				InitializePlatformSupportModulesInManaged (14ms)
				SetLoadedEditorAssemblies (0ms)
				RefreshPlugins (137ms)
				BeforeProcessingInitializeOnLoad (6ms)
				ProcessInitializeOnLoadAttributes (278ms)
				ProcessInitializeOnLoadMethodAttributes (84ms)
				AfterProcessingInitializeOnLoad (0ms)
				EditorAssembliesLoaded (0ms)
			ExecutionOrderSort2 (0ms)
			AwakeInstancesAfterBackupRestoration (0ms)
Platform modules already initialized, skipping
Registering precompiled user dll's ...
Registered in 0.016261 seconds.
Begin MonoManager ReloadAssembly
Native extension for WindowsStandalone target not found
Refreshing native plugins compatible for Editor in 1.97 ms, found 2 plugins.
Preloading 0 native plugins for Editor in 0.00 ms.
Mono: successfully reloaded assembly
- Completed reload, in  8.221 seconds
Domain Reload Profiling:
	ReloadAssembly (8222ms)
		BeginReloadAssembly (624ms)
			ExecutionOrderSort (0ms)
			DisableScriptedObjects (11ms)
			BackupInstance (0ms)
			ReleaseScriptingObjects (0ms)
			CreateAndSetChildDomain (184ms)
		EndReloadAssembly (7247ms)
			LoadAssemblies (237ms)
			RebuildTransferFunctionScriptingTraits (0ms)
			SetupTypeCache (1140ms)
			ReleaseScriptCaches (1ms)
			RebuildScriptCaches (592ms)
			SetupLoadedEditorAssemblies (4690ms)
				LogAssemblyErrors (0ms)
				InitializePlatformSupportModulesInManaged (31ms)
				SetLoadedEditorAssemblies (2ms)
				RefreshPlugins (2ms)
				BeforeProcessingInitializeOnLoad (148ms)
				ProcessInitializeOnLoadAttributes (4468ms)
				ProcessInitializeOnLoadMethodAttributes (13ms)
				AfterProcessingInitializeOnLoad (24ms)
				EditorAssembliesLoaded (1ms)
			ExecutionOrderSort2 (0ms)
			AwakeInstancesAfterBackupRestoration (20ms)
Platform modules already initialized, skipping
========================================================================
Worker process is ready to serve import requests
Launched and connected shader compiler UnityShaderCompiler.exe after 0.21 seconds
Refreshing native plugins compatible for Editor in 1.18 ms, found 2 plugins.
Preloading 0 native plugins for Editor in 0.00 ms.
Unloading 1565 Unused Serialized files (Serialized files now loaded: 0)
System memory in use before: 127.0 MB.
System memory in use after: 127.0 MB.

Unloading 25 unused Assets to reduce memory usage. Loaded Objects now: 2049.
Total: 22.040800 ms (FindLiveObjects: 0.318600 ms CreateObjectMapping: 0.127200 ms MarkObjects: 21.325500 ms  DeleteObjects: 0.267500 ms)

AssetImportParameters requested are different than current active one (requested -> active):
  custom:framework-win-MediaFoundation: 216162199b28c13a410421893ffa2e32 -> 
  custom:video-decoder-ogg-theora: a1e56fd34408186e4bbccfd4996cb3dc -> 
  custom:container-muxer-webm: aa71ff27fc2769a1b78a27578f13a17b -> 
  custom:container-demuxer-webm: 4f35f7cbe854078d1ac9338744f61a02 -> 
  custom:container-demuxer-ogg: 62fdf1f143b41e24485cea50d1cbac27 -> 
  custom:video-encoder-webm-vp8: eb34c28f22e8b96e1ab97ce403110664 -> 
  custom:video-decoder-webm-vp8: 9c59270c3fd7afecdb556c50c9e8de78 -> 
  custom:audio-decoder-ogg-vorbis: bf7c407c2cedff20999df2af8eb42d56 -> 
  custom:audio-encoder-webm-vorbis: bf7c407c2cedff20999df2af8eb42d56 -> 
========================================================================
Received Import Request.
  path: Assets/MedievalTown ModularKit/Assets/Models/Beams/Beam.fbx
  artifactKey: Guid(3b439044bc3f40c4dbbfe4f2086032a0) Importer(815301076,1909f56bfc062723c751e8b465ee728b)
Start importing Assets/MedievalTown ModularKit/Assets/Models/Beams/Beam.fbx using Guid(3b439044bc3f40c4dbbfe4f2086032a0) Importer(815301076,1909f56bfc062723c751e8b465ee728b)  -> (artifact id: '29df64bd4253a360ee8c05806a7c3011') in 0.684352 seconds 
========================================================================
Received Import Request.
  Time since last request: 0.000450 seconds.
  path: Assets/MedievalTown ModularKit/Assets/Models
  artifactKey: Guid(a6c80d0ee8c3c8b419c82c6d959d8741) Importer(815301076,1909f56bfc062723c751e8b465ee728b)
Start importing Assets/MedievalTown ModularKit/Assets/Models using Guid(a6c80d0ee8c3c8b419c82c6d959d8741) Importer(815301076,1909f56bfc062723c751e8b465ee728b)  -> (artifact id: '78baf4dc295cdecb35f6a843e5978816') in 0.022970 seconds 
========================================================================
Received Import Request.
  Time since last request: 0.000286 seconds.
  path: Assets/MedievalTown ModularKit/Assets/Models/Beams/Beam2.fbx
  artifactKey: Guid(b1bc808dc1a11154db01c4f592d87aba) Importer(815301076,1909f56bfc062723c751e8b465ee728b)
Start importing Assets/MedievalTown ModularKit/Assets/Models/Beams/Beam2.fbx using Guid(b1bc808dc1a11154db01c4f592d87aba) Importer(815301076,1909f56bfc062723c751e8b465ee728b)  -> (artifact id: 'a2867aaa5a0bb247f5d3940f878d8e5d') in 0.308868 seconds 
========================================================================
Received Import Request.
  Time since last request: 0.000984 seconds.
  path: Assets/MedievalTown ModularKit
  artifactKey: Guid(0297a0dde57f39943a7b48141875588f) Importer(815301076,1909f56bfc062723c751e8b465ee728b)
Start importing Assets/MedievalTown ModularKit using Guid(0297a0dde57f39943a7b48141875588f) Importer(815301076,1909f56bfc062723c751e8b465ee728b)  -> (artifact id: 'fe0dc57dc8c7422f81bd0a9ddc7e7e7b') in 0.060063 seconds 
========================================================================
Received Import Request.
  Time since last request: 0.028419 seconds.
  path: Assets/MedievalTown ModularKit/Assets/Models/Beams/Beam1.fbx
  artifactKey: Guid(ef1456e587ff4c04bbe7dd3f10da9a45) Importer(815301076,1909f56bfc062723c751e8b465ee728b)
Start importing Assets/MedievalTown ModularKit/Assets/Models/Beams/Beam1.fbx using Guid(ef1456e587ff4c04bbe7dd3f10da9a45) Importer(815301076,1909f56bfc062723c751e8b465ee728b)  -> (artifact id: '4e198256bfbe29840e5a0059dcef89f8') in 0.148907 seconds 
========================================================================
Received Import Request.
  Time since last request: 0.000806 seconds.
  path: Assets/MedievalTown ModularKit/Assets/Models/Beams/Beam3.fbx
  artifactKey: Guid(055ff5fc089b79e4f99c802f96699a08) Importer(815301076,1909f56bfc062723c751e8b465ee728b)
Start importing Assets/MedievalTown ModularKit/Assets/Models/Beams/Beam3.fbx using Guid(055ff5fc089b79e4f99c802f96699a08) Importer(815301076,1909f56bfc062723c751e8b465ee728b)  -> (artifact id: 'fd4f53b337bceba6dbec980099cda085') in 0.097490 seconds 
========================================================================
Received Import Request.
  Time since last request: 0.002327 seconds.
  path: Assets/MedievalTown ModularKit/Assets/Models/Beams
  artifactKey: Guid(ea18dfbcc1db28a45a7b2830475d2e2a) Importer(815301076,1909f56bfc062723c751e8b465ee728b)
Start importing Assets/MedievalTown ModularKit/Assets/Models/Beams using Guid(ea18dfbcc1db28a45a7b2830475d2e2a) Importer(815301076,1909f56bfc062723c751e8b465ee728b)  -> (artifact id: '2499baab36e3e4aab6074b61389f4ad9') in 0.016154 seconds 
========================================================================
Received Import Request.
  Time since last request: 755.169799 seconds.
  path: Assets/MedievalTown ModularKit/Documentation
  artifactKey: Guid(43dd1096ced632c42bc3f881ec39b8db) Importer(815301076,1909f56bfc062723c751e8b465ee728b)
Start importing Assets/MedievalTown ModularKit/Documentation using Guid(43dd1096ced632c42bc3f881ec39b8db) Importer(815301076,1909f56bfc062723c751e8b465ee728b)  -> (artifact id: '980edad4e91e73b73e40381e46476e71') in 0.016973 seconds 
========================================================================
Received Import Request.
  Time since last request: 301.165873 seconds.
  path: Assets/MedievalTown ModularKit/Assets/Models/SideWalk
  artifactKey: Guid(ce500d702af910d45bbb41a8849ab6d5) Importer(815301076,1909f56bfc062723c751e8b465ee728b)
Start importing Assets/MedievalTown ModularKit/Assets/Models/SideWalk using Guid(ce500d702af910d45bbb41a8849ab6d5) Importer(815301076,1909f56bfc062723c751e8b465ee728b)  -> (artifact id: 'f1533d0e72cd6d1891ee5fafad1eaaca') in 0.013869 seconds 
========================================================================
Received Import Request.
  Time since last request: 0.146975 seconds.
  path: Assets/MedievalTown ModularKit/Assets/Models/SideWalk/SideWalk1x1.fbx
  artifactKey: Guid(4161ccda8dae2f245ad2ab9f5d0a436e) Importer(815301076,1909f56bfc062723c751e8b465ee728b)
Start importing Assets/MedievalTown ModularKit/Assets/Models/SideWalk/SideWalk1x1.fbx using Guid(4161ccda8dae2f245ad2ab9f5d0a436e) Importer(815301076,1909f56bfc062723c751e8b465ee728b)  -> (artifact id: '7d6af7bed1b3682d37c9ba3a77230ee7') in 0.186799 seconds 
========================================================================
Received Import Request.
  Time since last request: 0.004417 seconds.
  path: Assets/MedievalTown ModularKit/Assets/Models/SideWalk/SideWalk2x1.fbx
  artifactKey: Guid(5ba09457203d0d543affa879852a0b26) Importer(815301076,1909f56bfc062723c751e8b465ee728b)
Start importing Assets/MedievalTown ModularKit/Assets/Models/SideWalk/SideWalk2x1.fbx using Guid(5ba09457203d0d543affa879852a0b26) Importer(815301076,1909f56bfc062723c751e8b465ee728b)  -> (artifact id: 'f44104f3b9446cbdf0fe8e266d6d3d6f') in 0.175447 seconds 
========================================================================
Received Import Request.
  Time since last request: 0.000412 seconds.
  path: Assets/MedievalTown ModularKit/Assets/Models/SideWalk/SideWalk3x1.fbx
  artifactKey: Guid(ddf5035ecd95bdd43b5b6196f66e5c1d) Importer(815301076,1909f56bfc062723c751e8b465ee728b)
Start importing Assets/MedievalTown ModularKit/Assets/Models/SideWalk/SideWalk3x1.fbx using Guid(ddf5035ecd95bdd43b5b6196f66e5c1d) Importer(815301076,1909f56bfc062723c751e8b465ee728b)  -> (artifact id: '1981ac98ef865a9a3b66915ae02fb953') in 0.128084 seconds 
========================================================================
Received Import Request.
  Time since last request: 0.000345 seconds.
  path: Assets/MedievalTown ModularKit/Assets/Models/SideWalk/SideWalkCorner.fbx
  artifactKey: Guid(f02256d242627624698c3a8d8d93b82e) Importer(815301076,1909f56bfc062723c751e8b465ee728b)
Start importing Assets/MedievalTown ModularKit/Assets/Models/SideWalk/SideWalkCorner.fbx using Guid(f02256d242627624698c3a8d8d93b82e) Importer(815301076,1909f56bfc062723c751e8b465ee728b)  -> (artifact id: '10949adf1cc067e82cd5f9bdee1cf559') in 0.113407 seconds 
========================================================================
Received Import Request.
  Time since last request: 0.006378 seconds.
  path: Assets/MedievalTown ModularKit/Assets/Models/SideWalk/SideWalkCorner3.fbx
  artifactKey: Guid(09f0c06f339d2e24f96f30a54ad46b9c) Importer(815301076,1909f56bfc062723c751e8b465ee728b)
Start importing Assets/MedievalTown ModularKit/Assets/Models/SideWalk/SideWalkCorner3.fbx using Guid(09f0c06f339d2e24f96f30a54ad46b9c) Importer(815301076,1909f56bfc062723c751e8b465ee728b)  -> (artifact id: '361bf25f2b7c6b78dfb4c0dc33ef128a') in 0.198090 seconds 
========================================================================
Received Import Request.
  Time since last request: 0.000401 seconds.
  path: Assets/MedievalTown ModularKit/Assets/Models/SideWalk/SideWalkCorner2.fbx
  artifactKey: Guid(b103c55040494254f8b335d0c20edc31) Importer(815301076,1909f56bfc062723c751e8b465ee728b)
Start importing Assets/MedievalTown ModularKit/Assets/Models/SideWalk/SideWalkCorner2.fbx using Guid(b103c55040494254f8b335d0c20edc31) Importer(815301076,1909f56bfc062723c751e8b465ee728b)  -> (artifact id: '36ea7b1e7cd9eadffc2b4ea76ee52ebb') in 0.109919 seconds 
========================================================================
Received Prepare
Registering precompiled user dll's ...
Registered in 0.035074 seconds.
Begin MonoManager ReloadAssembly
Native extension for WindowsStandalone target not found
Refreshing native plugins compatible for Editor in 2.75 ms, found 2 plugins.
Preloading 0 native plugins for Editor in 0.00 ms.
Mono: successfully reloaded assembly
- Completed reload, in  5.409 seconds
Domain Reload Profiling:
	ReloadAssembly (5410ms)
		BeginReloadAssembly (652ms)
			ExecutionOrderSort (0ms)
			DisableScriptedObjects (11ms)
			BackupInstance (0ms)
			ReleaseScriptingObjects (0ms)
			CreateAndSetChildDomain (237ms)
		EndReloadAssembly (4529ms)
			LoadAssemblies (390ms)
			RebuildTransferFunctionScriptingTraits (0ms)
			SetupTypeCache (1640ms)
			ReleaseScriptCaches (1ms)
			RebuildScriptCaches (119ms)
			SetupLoadedEditorAssemblies (1595ms)
				LogAssemblyErrors (0ms)
				InitializePlatformSupportModulesInManaged (22ms)
				SetLoadedEditorAssemblies (1ms)
				RefreshPlugins (11ms)
				BeforeProcessingInitializeOnLoad (190ms)
				ProcessInitializeOnLoadAttributes (1337ms)
				ProcessInitializeOnLoadMethodAttributes (18ms)
				AfterProcessingInitializeOnLoad (16ms)
				EditorAssembliesLoaded (0ms)
			ExecutionOrderSort2 (0ms)
			AwakeInstancesAfterBackupRestoration (87ms)
Platform modules already initialized, skipping
Refreshing native plugins compatible for Editor in 1.08 ms, found 2 plugins.
Preloading 0 native plugins for Editor in 0.00 ms.
Unloading 1521 Unused Serialized files (Serialized files now loaded: 0)
System memory in use before: 126.9 MB.
System memory in use after: 127.0 MB.

Unloading 20 unused Assets to reduce memory usage. Loaded Objects now: 2062.
Total: 16.589700 ms (FindLiveObjects: 0.263500 ms CreateObjectMapping: 0.096800 ms MarkObjects: 16.099100 ms  DeleteObjects: 0.127300 ms)

AssetImportParameters requested are different than current active one (requested -> active):
  custom:framework-win-MediaFoundation: 216162199b28c13a410421893ffa2e32 -> 
  custom:video-decoder-ogg-theora: a1e56fd34408186e4bbccfd4996cb3dc -> 
  custom:container-muxer-webm: aa71ff27fc2769a1b78a27578f13a17b -> 
  custom:container-demuxer-webm: 4f35f7cbe854078d1ac9338744f61a02 -> 
  custom:container-demuxer-ogg: 62fdf1f143b41e24485cea50d1cbac27 -> 
  custom:video-encoder-webm-vp8: eb34c28f22e8b96e1ab97ce403110664 -> 
  custom:video-decoder-webm-vp8: 9c59270c3fd7afecdb556c50c9e8de78 -> 
  custom:audio-decoder-ogg-vorbis: bf7c407c2cedff20999df2af8eb42d56 -> 
  custom:audio-encoder-webm-vorbis: bf7c407c2cedff20999df2af8eb42d56 -> 
AssetImportWorkerClient::OnTransportError - code=2 error=End of file
